INFO  2026-04-22 11:23:34,267 serena.cli:health_check:906 - Starting health check for project: C:\Coding\WorkFolder\rustdeck_phonebook
INFO  2026-04-22 11:23:34,267 serena.cli:health_check:910 - Creating SerenaAgent with disabled dashboard...
INFO  2026-04-22 11:23:34,273 serena.util.file_system:stop:336 - Loading of .gitignore files completed in 0.007 seconds
INFO  2026-04-22 11:23:34,273 serena.project:stop:336 - Gathering ignore spec for project rustdeck_phonebook completed in 0.007 seconds
INFO  2026-04-22 11:23:34,419 serena.agent:__init__:418 - Will record tool usage statistics with token count estimator: CHAR_COUNT.
INFO  2026-04-22 11:23:34,460 serena.agent:__init__:422 - Starting Serena server (version=1.1.2, process id=58892, parent process id=60188; language backend=LSP); Python version=3.12.13, platform=Windows-11-10.0.26200-SP0
INFO  2026-04-22 11:23:34,460 serena.agent:__init__:426 - Configuration file: C:\Users\folar\.serena\serena_config.yml
INFO  2026-04-22 11:23:34,460 serena.agent:__init__:427 - Available projects: rustdeck_phonebook
INFO  2026-04-22 11:23:34,460 serena.agent:__init__:428 - Loaded tools (44): read_file, create_text_file, list_dir, find_file, replace_content, delete_lines, replace_lines, insert_at_line, search_for_pattern, restart_language_server, get_symbols_overview, find_symbol, find_referencing_symbols, replace_symbol_body, insert_after_symbol, insert_before_symbol, rename_symbol, safe_delete_symbol, write_memory, read_memory, list_memories, delete_memory, rename_memory, edit_memory, execute_shell_command, open_dashboard, activate_project, remove_project, get_current_config, check_onboarding_performed, onboarding, initial_instructions, jet_brains_find_symbol, jet_brains_move, jet_brains_safe_delete, jet_brains_inline_symbol, jet_brains_find_referencing_symbols, jet_brains_get_symbols_overview, jet_brains_type_hierarchy, jet_brains_find_declaration, jet_brains_find_implementations, jet_brains_rename, list_queryable_projects, query_project
INFO  2026-04-22 11:23:34,460 serena.agent:__init__:440 - Using language backend from global configuration: LSP
INFO  2026-04-22 11:23:34,475 serena.config.serena_config:start:329 - Loading project instance for RegisteredProject[project_root=C:\Coding\WorkFolder\rustdeck_phonebook, project_config=ProjectConfig[project_name=rustdeck_phonebook]] starting ...
INFO  2026-04-22 11:23:34,476 serena.project:__init__:281 - Serena project data folder: C:\Coding\WorkFolder\rustdeck_phonebook\.serena
INFO  2026-04-22 11:23:34,476 serena.project:start:329 - Gathering ignore spec for project rustdeck_phonebook starting ...
INFO  2026-04-22 11:23:34,476 serena.config.serena_config:stop:336 - Loading project instance for RegisteredProject[project_root=C:\Coding\WorkFolder\rustdeck_phonebook, project_config=ProjectConfig[project_name=rustdeck_phonebook]] completed in 0.001 seconds
INFO  2026-04-22 11:23:34,477 serena.util.file_system:start:329 - Loading of .gitignore files starting ...
INFO  2026-04-22 11:23:34,477 serena.agent:activate_project_from_path_or_name:1001 - Found registered project 'rustdeck_phonebook' at path C:\Coding\WorkFolder\rustdeck_phonebook
INFO  2026-04-22 11:23:34,477 serena.agent:_activate_project:942 - Activating rustdeck_phonebook at C:\Coding\WorkFolder\rustdeck_phonebook
INFO  2026-04-22 11:23:34,477 serena.task_executor:issue_task:192 - Scheduling Task-1:init_language_server_manager
INFO  2026-04-22 11:23:34,478 serena.agent:_update_active_modes:871 - Active modes (2): editing, interactive
INFO  2026-04-22 11:23:34,478 serena.util.file_system:_load_gitignore_files:152 - Processing .gitignore file: C:\Coding\WorkFolder\rustdeck_phonebook\.serena\.gitignore
INFO  2026-04-22 11:23:34,483 serena.agent:_create_base_toolset:583 - Number of exposed tools: 26
INFO  2026-04-22 11:23:34,484 serena.agent:__init__:465 - Number of exposed tools: 26. Exposed tools: ['activate_project', 'check_onboarding_performed', 'create_text_file', 'delete_memory', 'edit_memory', 'execute_shell_command', 'find_file', 'find_referencing_symbols', 'find_symbol', 'get_current_config', 'get_symbols_overview', 'initial_instructions', 'insert_after_symbol', 'insert_before_symbol', 'list_dir', 'list_memories', 'onboarding', 'read_file', 'read_memory', 'rename_memory', 'rename_symbol', 'replace_content', 'replace_symbol_body', 'safe_delete_symbol', 'search_for_pattern', 'write_memory']
INFO  2026-04-22 11:23:34,485 serena.agent:_update_active_tools:889 - Active tools (26): activate_project, check_onboarding_performed, create_text_file, delete_memory, edit_memory, execute_shell_command, find_file, find_referencing_symbols, find_symbol, get_current_config, get_symbols_overview, initial_instructions, insert_after_symbol, insert_before_symbol, list_dir, list_memories, onboarding, read_file, read_memory, rename_memory, rename_symbol, replace_content, replace_symbol_body, safe_delete_symbol, search_for_pattern, write_memory
INFO  2026-04-22 11:23:34,490 serena.util.file_system:stop:336 - Loading of .gitignore files completed in 0.013 seconds
INFO  2026-04-22 11:23:34,490 serena.project:stop:336 - Gathering ignore spec for project rustdeck_phonebook completed in 0.014 seconds
INFO  2026-04-22 11:23:34,562 serena.task_executor:_process_task_queue:123 - Starting execution of Task-1:init_language_server_manager
INFO  2026-04-22 11:23:34,563 serena.task_executor:start:329 - Task-1:init_language_server_manager starting ...
INFO  2026-04-22 11:23:34,563 serena.agent:start:329 - Language server initialization starting ...
INFO  2026-04-22 11:23:34,563 serena.project:create_language_server_manager:653 - Creating language server manager for C:\Coding\WorkFolder\rustdeck_phonebook
INFO  2026-04-22 11:23:34,564 sensai.util.logging:start:329 - Language server startup (language=python) starting ...
INFO  2026-04-22 11:23:34,564 serena.ls_manager:create_language_server:48 - Creating language server instance for C:\Coding\WorkFolder\rustdeck_phonebook, language=python.
INFO  2026-04-22 11:23:34,582 solidlsp.ls:start:2578 - Starting language server with language python for C:\Coding\WorkFolder\rustdeck_phonebook
INFO  2026-04-22 11:23:34,582 solidlsp.language_servers.pyright_server:_start_server:177 - Starting pyright-langserver server process
INFO  2026-04-22 11:23:34,582 solidlsp.ls_process:start:192 - Starting language server process via command: ['C:\\Users\\folar\\AppData\\Roaming\\uv\\tools\\serena-agent\\Scripts\\python.exe', '-m', 'pyright.langserver', '--stdio']
INFO  2026-04-22 11:23:34,595 solidlsp.language_servers.pyright_server:_start_server:183 - Sending initialize request from LSP client to pyright server and awaiting response
INFO  2026-04-22 11:23:34,915 serena.cli:health_check:913 - SerenaAgent created successfully
INFO  2026-04-22 11:23:34,915 serena.cli:health_check:916 - Searching for analyzable files...
INFO  2026-04-22 11:23:34,926 serena.cli:health_check:925 - Found analyzable file: python seed_data.py
INFO  2026-04-22 11:23:34,926 serena.cli:health_check:943 - Testing GetSymbolsOverviewTool on file: python seed_data.py
INFO  2026-04-22 11:23:34,926 serena.task_executor:issue_task:192 - Scheduling Task-2:<lambda>
INFO  2026-04-22 11:23:35,221 solidlsp.language_servers.pyright_server:window_log_message:149 - LSP: window/logMessage: Pyright language server 1.1.403 starting
INFO  2026-04-22 11:23:35,222 solidlsp.language_servers.pyright_server:window_log_message:149 - LSP: window/logMessage: Server root directory: file:///c%3A/Users/folar/AppData/Roaming/uv/tools/serena-agent/Lib/site-packages/pyright/dist/dist
INFO  2026-04-22 11:23:35,227 solidlsp.language_servers.pyright_server:window_log_message:149 - LSP: window/logMessage: Starting service instance "rustdeck_phonebook"
INFO  2026-04-22 11:23:35,228 solidlsp.language_servers.pyright_server:_start_server:185 - Received initialize response from pyright server: {'capabilities': {'textDocumentSync': 2, 'definitionProvider': {'workDoneProgress': True}, 'declarationProvider': {'workDoneProgress': True}, 'typeDefinitionProvider': {'workDoneProgress': True}, 'referencesProvider': {'workDoneProgress': True}, 'documentSymbolProvider': {'workDoneProgress': True}, 'workspaceSymbolProvider': {'workDoneProgress': True}, 'hoverProvider': {'workDoneProgress': True}, 'documentHighlightProvider': {'workDoneProgress': True}, 'renameProvider': {'prepareProvider': True, 'workDoneProgress': True}, 'completionProvider': {'triggerCharacters': ['.', '[', '"', "'"], 'resolveProvider': True, 'workDoneProgress': True, 'completionItem': {'labelDetailsSupport': True}}, 'signatureHelpProvider': {'triggerCharacters': ['(', ',', ')'], 'workDoneProgress': True}, 'codeActionProvider': {'codeActionKinds': ['quickfix', 'source.organizeImports'], 'workDoneProgress': True}, 'executeCommandProvider': {'commands': [], 'workDoneProgress': True}, 'callHierarchyProvider': True, 'workspace': {'workspaceFolders': {'supported': True, 'changeNotifications': True}}}}
INFO  2026-04-22 11:23:35,228 solidlsp.language_servers.pyright_server:_start_server:197 - Waiting for Pyright to complete initial workspace analysis...
INFO  2026-04-22 11:23:35,629 solidlsp.language_servers.pyright_server:window_log_message:149 - LSP: window/logMessage: Loading pyproject.toml file at c:\Coding\WorkFolder\rustdeck_phonebook\pyproject.toml
INFO  2026-04-22 11:23:35,629 solidlsp.language_servers.pyright_server:window_log_message:149 - LSP: window/logMessage: No include entries specified; assuming c:\Coding\WorkFolder\rustdeck_phonebook
INFO  2026-04-22 11:23:35,629 solidlsp.language_servers.pyright_server:window_log_message:149 - LSP: window/logMessage: Auto-excluding **/node_modules
INFO  2026-04-22 11:23:35,629 solidlsp.language_servers.pyright_server:window_log_message:149 - LSP: window/logMessage: Auto-excluding **/__pycache__
INFO  2026-04-22 11:23:35,629 solidlsp.language_servers.pyright_server:window_log_message:149 - LSP: window/logMessage: Auto-excluding **/.*
INFO  2026-04-22 11:23:35,630 solidlsp.language_servers.pyright_server:window_log_message:149 - LSP: window/logMessage: Assuming Python version 3.10.11.final.0
INFO  2026-04-22 11:23:35,630 solidlsp.language_servers.pyright_server:window_log_message:149 - LSP: window/logMessage: Found 21 source files
INFO  2026-04-22 11:23:35,630 solidlsp.language_servers.pyright_server:window_log_message:154 - Pyright workspace scanning complete
INFO  2026-04-22 11:23:35,631 solidlsp.language_servers.pyright_server:_start_server:199 - Pyright initial analysis complete, server ready
INFO  2026-04-22 11:23:35,631 sensai.util.logging:stop:336 - Language server startup (language=python) completed in 1.067 seconds
INFO  2026-04-22 11:23:35,631 serena.agent:stop:336 - Language server initialization completed in 1.068 seconds
INFO  2026-04-22 11:23:35,631 serena.task_executor:stop:336 - Task-1:init_language_server_manager completed in 1.068 seconds
INFO  2026-04-22 11:23:35,631 serena.task_executor:_process_task_queue:123 - Starting execution of Task-2:<lambda>
INFO  2026-04-22 11:23:35,632 serena.task_executor:start:329 - Task-2:<lambda> starting ...
INFO  2026-04-22 11:23:35,758 serena.task_executor:stop:336 - Task-2:<lambda> completed in 0.126 seconds
INFO  2026-04-22 11:23:35,759 serena.cli:health_check:945 - GetSymbolsOverviewTool returned: [{'name': 'file', 'kind': 'Variable'}]
INFO  2026-04-22 11:23:35,759 serena.cli:health_check:964 - No class or function found, using first available symbol
INFO  2026-04-22 11:23:35,759 serena.cli:health_check:968 - Using symbol for testing: file (kind: Variable)
INFO  2026-04-22 11:23:35,759 serena.cli:health_check:971 - Testing FindSymbolTool for symbol: file
INFO  2026-04-22 11:23:35,760 serena.task_executor:issue_task:192 - Scheduling Task-3:<lambda>
INFO  2026-04-22 11:23:35,859 serena.task_executor:_process_task_queue:123 - Starting execution of Task-3:<lambda>
INFO  2026-04-22 11:23:35,859 serena.task_executor:start:329 - Task-3:<lambda> starting ...
INFO  2026-04-22 11:23:35,861 serena.task_executor:stop:336 - Task-3:<lambda> completed in 0.002 seconds
INFO  2026-04-22 11:23:35,861 serena.cli:health_check:976 - FindSymbolTool found 1 matches for symbol file
INFO  2026-04-22 11:23:35,861 serena.cli:health_check:979 - Testing FindReferencingSymbolsTool for symbol: file
INFO  2026-04-22 11:23:35,861 serena.task_executor:issue_task:192 - Scheduling Task-4:<lambda>
INFO  2026-04-22 11:23:35,963 serena.task_executor:_process_task_queue:123 - Starting execution of Task-4:<lambda>
INFO  2026-04-22 11:23:35,963 serena.task_executor:start:329 - Task-4:<lambda> starting ...
INFO  2026-04-22 11:23:41,522 solidlsp.language_servers.pyright_server:window_log_message:149 - LSP: window/logMessage: [FG] Long operation: binding: file:///c%3A/Coding/WorkFolder/rustdeck_phonebook/tests/test_static_css.py (3273ms)
INFO  2026-04-22 11:23:41,523 serena.task_executor:stop:336 - Task-4:<lambda> completed in 5.560 seconds
INFO  2026-04-22 11:23:41,523 serena.cli:health_check:983 - FindReferencingSymbolsTool found 0 references for symbol file
INFO  2026-04-22 11:23:41,523 serena.cli:health_check:989 - Testing SearchForPatternTool for pattern: file
INFO  2026-04-22 11:23:41,524 serena.task_executor:issue_task:192 - Scheduling Task-5:<lambda>
INFO  2026-04-22 11:23:41,623 serena.task_executor:_process_task_queue:123 - Starting execution of Task-5:<lambda>
INFO  2026-04-22 11:23:41,623 serena.task_executor:start:329 - Task-5:<lambda> starting ...
INFO  2026-04-22 11:23:41,633 serena.util.text_utils:search_files:367 - Processing 21 files.
INFO  2026-04-22 11:23:41,673 serena.util.text_utils:search_files:408 - Found 31 total matches across 21 files
INFO  2026-04-22 11:23:41,673 serena.task_executor:stop:336 - Task-5:<lambda> completed in 0.049 seconds
INFO  2026-04-22 11:23:41,673 serena.cli:health_check:996 - SearchForPatternTool found 31 pattern matches for file
INFO  2026-04-22 11:23:41,673 serena.cli:health_check:1010 - Health check completed successfully
